{"uuid":"0748df69-bcfa-4503-a56a-d2b676410921","historyId":"a3d0201af85b7f3981f63f05b867c31a","fullName":"example.VerifySuccessfulAddACustomerWhenUserInputValidDataForAllFields.testSuccess","labels":[{"name":"package","value":"example.VerifySuccessfulAddACustomerWhenUserInputValidDataForAllFields"},{"name":"testClass","value":"example.VerifySuccessfulAddACustomerWhenUserInputValidDataForAllFields"},{"name":"testMethod","value":"testSuccess"},{"name":"parentSuite","value":"Default Suite"},{"name":"suite","value":"crm-automation"},{"name":"subSuite","value":"example.VerifySuccessfulAddACustomerWhenUserInputValidDataForAllFields"},{"name":"host","value":"DESKTOP-UC49U1B"},{"name":"thread","value":"10596@DESKTOP-UC49U1B.main(1)"},{"name":"framework","value":"testng"},{"name":"language","value":"java"}],"links":[],"name":"testSuccess","status":"broken","statusDetails":{"known":false,"muted":false,"flaky":false,"message":"Expected condition failed: waiting for page.CreateCustomerPage$$Lambda$779/0x0000000100482840@3e755d5f (tried for 10 second(s) with 500 milliseconds interval)","trace":"org.openqa.selenium.TimeoutException: Expected condition failed: waiting for page.CreateCustomerPage$$Lambda$779/0x0000000100482840@3e755d5f (tried for 10 second(s) with 500 milliseconds interval)\r\n\tat org.openqa.selenium.support.ui.WebDriverWait.timeoutException(WebDriverWait.java:84)\r\n\tat org.openqa.selenium.support.ui.FluentWait.until(FluentWait.java:228)\r\n\tat page.CreateCustomerPage.waitCloseCreateCustomerForm(CreateCustomerPage.java:63)\r\n\tat example.VerifySuccessfulAddACustomerWhenUserInputValidDataForAllFields.testSuccess(VerifySuccessfulAddACustomerWhenUserInputValidDataForAllFields.java:66)\r\n\tat java.base/jdk.internal.reflect.NativeMethodAccessorImpl.invoke0(Native Method)\r\n\tat java.base/jdk.internal.reflect.NativeMethodAccessorImpl.invoke(NativeMethodAccessorImpl.java:62)\r\n\tat java.base/jdk.internal.reflect.DelegatingMethodAccessorImpl.invoke(DelegatingMethodAccessorImpl.java:43)\r\n\tat java.base/java.lang.reflect.Method.invoke(Method.java:566)\r\n\tat org.testng.internal.invokers.MethodInvocationHelper.invokeMethod(MethodInvocationHelper.java:141)\r\n\tat org.testng.internal.invokers.TestInvoker.invokeMethod(TestInvoker.java:686)\r\n\tat org.testng.internal.invokers.TestInvoker.invokeTestMethod(TestInvoker.java:230)\r\n\tat org.testng.internal.invokers.MethodRunner.runInSequence(MethodRunner.java:63)\r\n\tat org.testng.internal.invokers.TestInvoker$MethodInvocationAgent.invoke(TestInvoker.java:992)\r\n\tat org.testng.internal.invokers.TestInvoker.invokeTestMethods(TestInvoker.java:203)\r\n\tat org.testng.internal.invokers.TestMethodWorker.invokeTestMethods(TestMethodWorker.java:154)\r\n\tat org.testng.internal.invokers.TestMethodWorker.run(TestMethodWorker.java:134)\r\n\tat java.base/java.util.ArrayList.forEach(ArrayList.java:1541)\r\n\tat org.testng.TestRunner.privateRun(TestRunner.java:739)\r\n\tat org.testng.TestRunner.run(TestRunner.java:614)\r\n\tat org.testng.SuiteRunner.runTest(SuiteRunner.java:421)\r\n\tat org.testng.SuiteRunner.runSequentially(SuiteRunner.java:413)\r\n\tat org.testng.SuiteRunner.privateRun(SuiteRunner.java:373)\r\n\tat org.testng.SuiteRunner.run(SuiteRunner.java:312)\r\n\tat org.testng.SuiteRunnerWorker.runSuite(SuiteRunnerWorker.java:52)\r\n\tat org.testng.SuiteRunnerWorker.run(SuiteRunnerWorker.java:95)\r\n\tat org.testng.TestNG.runSuitesSequentially(TestNG.java:1274)\r\n\tat org.testng.TestNG.runSuitesLocally(TestNG.java:1208)\r\n\tat org.testng.TestNG.runSuites(TestNG.java:1112)\r\n\tat org.testng.TestNG.run(TestNG.java:1079)\r\n\tat com.intellij.rt.testng.IDEARemoteTestNG.run(IDEARemoteTestNG.java:65)\r\n\tat com.intellij.rt.testng.RemoteTestNGStarter.main(RemoteTestNGStarter.java:105)\r\nCaused by: org.openqa.selenium.NoSuchElementException: no such element: Unable to locate element: {\"method\":\"xpath\",\"selector\":\"//a[text()='New Customer']\"}\n  (Session info: chrome=127.0.6533.89)\nFor documentation on this error, please visit: https://www.selenium.dev/documentation/webdriver/troubleshooting/errors#no-such-element-exception\nBuild info: version: '4.23.0', revision: '4df0a231af'\nSystem info: os.name: 'Windows 10', os.arch: 'amd64', os.version: '10.0', java.version: '11.0.23'\nDriver info: org.openqa.selenium.chrome.ChromeDriver\nCommand: [57a06f8a22303cc311b16b6568ca12e0, findElement {value=//a[text()='New Customer'], using=xpath}]\nCapabilities {acceptInsecureCerts: false, browserName: chrome, browserVersion: 127.0.6533.89, chrome: {chromedriverVersion: 127.0.6533.88 (a2d0cb026721..., userDataDir: C:\\Users\\ASUS\\AppData\\Local...}, fedcm:accounts: true, goog:chromeOptions: {debuggerAddress: localhost:64069}, networkConnectionEnabled: false, pageLoadStrategy: normal, platformName: windows, proxy: Proxy(), se:cdp: ws://localhost:64069/devtoo..., se:cdpVersion: 127.0.6533.89, setWindowRect: true, strictFileInteractability: false, timeouts: {implicit: 0, pageLoad: 300000, script: 30000}, unhandledPromptBehavior: dismiss and notify, webauthn:extension:credBlob: true, webauthn:extension:largeBlob: true, webauthn:extension:minPinLength: true, webauthn:extension:prf: true, webauthn:virtualAuthenticators: true}\nSession ID: 57a06f8a22303cc311b16b6568ca12e0\r\n\tat java.base/jdk.internal.reflect.NativeConstructorAccessorImpl.newInstance0(Native Method)\r\n\tat java.base/jdk.internal.reflect.NativeConstructorAccessorImpl.newInstance(NativeConstructorAccessorImpl.java:62)\r\n\tat java.base/jdk.internal.reflect.DelegatingConstructorAccessorImpl.newInstance(DelegatingConstructorAccessorImpl.java:45)\r\n\tat java.base/java.lang.reflect.Constructor.newInstance(Constructor.java:490)\r\n\tat org.openqa.selenium.remote.ErrorCodec.decode(ErrorCodec.java:167)\r\n\tat org.openqa.selenium.remote.codec.w3c.W3CHttpResponseCodec.decode(W3CHttpResponseCodec.java:138)\r\n\tat org.openqa.selenium.remote.codec.w3c.W3CHttpResponseCodec.decode(W3CHttpResponseCodec.java:50)\r\n\tat org.openqa.selenium.remote.HttpCommandExecutor.execute(HttpCommandExecutor.java:190)\r\n\tat org.openqa.selenium.remote.service.DriverCommandExecutor.invokeExecute(DriverCommandExecutor.java:216)\r\n\tat org.openqa.selenium.remote.service.DriverCommandExecutor.execute(DriverCommandExecutor.java:174)\r\n\tat org.openqa.selenium.remote.RemoteWebDriver.execute(RemoteWebDriver.java:527)\r\n\tat org.openqa.selenium.remote.ElementLocation$ElementFinder$2.findElement(ElementLocation.java:165)\r\n\tat org.openqa.selenium.remote.ElementLocation.findElement(ElementLocation.java:59)\r\n\tat org.openqa.selenium.remote.RemoteWebDriver.findElement(RemoteWebDriver.java:357)\r\n\tat org.openqa.selenium.remote.RemoteWebDriver.findElement(RemoteWebDriver.java:351)\r\n\tat page.CreateCustomerPage.lambda$waitCloseCreateCustomerForm$0(CreateCustomerPage.java:63)\r\n\tat org.openqa.selenium.support.ui.FluentWait.until(FluentWait.java:203)\r\n\t... 29 more\r\n"},"stage":"finished","steps":[{"name":"Open CRM website","status":"passed","stage":"finished","steps":[],"attachments":[],"parameters":[],"start":1722857019632,"stop":1722857019633},{"name":"Login success","status":"passed","stage":"finished","steps":[],"attachments":[],"parameters":[],"start":1722857025805,"stop":1722857025805},{"name":"Click [New customer] button","status":"passed","stage":"finished","steps":[],"attachments":[],"parameters":[],"start":1722857028290,"stop":1722857028290},{"name":"Click [New Customer] button","status":"passed","stage":"finished","steps":[],"attachments":[],"parameters":[],"start":1722857028408,"stop":1722857028981},{"name":"Input valid data for all fields","status":"passed","stage":"finished","steps":[],"attachments":[],"parameters":[],"start":1722857029226,"stop":1722857029226},{"name":"Create a customer","status":"passed","stage":"finished","steps":[{"name":"Input Name","status":"passed","stage":"finished","steps":[],"attachments":[],"parameters":[{"name":"name","value":"Clorinda Keeling"}],"start":1722857029244,"stop":1722857029583},{"name":"Input Email","status":"passed","stage":"finished","steps":[],"attachments":[],"parameters":[{"name":"email","value":"joe.hamill@gmail.com"}],"start":1722857029584,"stop":1722857029965},{"name":"Input Phone","status":"passed","stage":"finished","steps":[],"attachments":[],"parameters":[{"name":"phone","value":"938-395-9345 x0649"}],"start":1722857029966,"stop":1722857030206},{"name":"Input Address","status":"passed","stage":"finished","steps":[],"attachments":[],"parameters":[{"name":"address","value":"Apt. 835 752 Blanda Springs, South Quincytown, VT 19259-4033"}],"start":1722857030207,"stop":1722857030544}],"attachments":[],"parameters":[{"name":"name","value":"Clorinda Keeling"},{"name":"email","value":"joe.hamill@gmail.com"},{"name":"phone","value":"938-395-9345 x0649"},{"name":"address","value":"Apt. 835 752 Blanda Springs, South Quincytown, VT 19259-4033"}],"start":1722857029244,"stop":1722857030544},{"name":"Click [Create a customer] button","status":"passed","stage":"finished","steps":[],"attachments":[],"parameters":[],"start":1722857030544,"stop":1722857030544},{"name":"Click [Create a customer] button","status":"passed","stage":"finished","steps":[],"attachments":[],"parameters":[],"start":1722857030545,"stop":1722857030957}],"attachments":[],"parameters":[],"start":1722857018531,"stop":1722857041124}