{"uuid":"dc80528e-3433-44a4-87be-a0f4a1665b6a","historyId":"1e97e60eb108cdca6b55af3d0a51f61a","fullName":"example.LeadManagement_AddNewLead.VerrifyCannotAddCustomerWhenEnteringInvalidValueForEmailField.testLM_01_06","labels":[{"name":"package","value":"example.LeadManagement_AddNewLead.VerrifyCannotAddCustomerWhenEnteringInvalidValueForEmailField"},{"name":"testClass","value":"example.LeadManagement_AddNewLead.VerrifyCannotAddCustomerWhenEnteringInvalidValueForEmailField"},{"name":"testMethod","value":"testLM_01_06"},{"name":"parentSuite","value":"Default Suite"},{"name":"suite","value":"crm-automation"},{"name":"subSuite","value":"example.LeadManagement_AddNewLead.VerrifyCannotAddCustomerWhenEnteringInvalidValueForEmailField"},{"name":"host","value":"DESKTOP-UC49U1B"},{"name":"thread","value":"8804@DESKTOP-UC49U1B.main(1)"},{"name":"framework","value":"testng"},{"name":"language","value":"java"}],"links":[],"name":"testLM_01_06","status":"broken","statusDetails":{"known":false,"muted":false,"flaky":false,"message":"Expected condition failed: waiting for page.CreateCustomerPage$$Lambda$779/0x0000000100486040@533e8807 (tried for 10 second(s) with 500 milliseconds interval)","trace":"org.openqa.selenium.TimeoutException: Expected condition failed: waiting for page.CreateCustomerPage$$Lambda$779/0x0000000100486040@533e8807 (tried for 10 second(s) with 500 milliseconds interval)\r\n\tat org.openqa.selenium.support.ui.WebDriverWait.timeoutException(WebDriverWait.java:84)\r\n\tat org.openqa.selenium.support.ui.FluentWait.until(FluentWait.java:228)\r\n\tat page.CreateCustomerPage.isCreateCustomerPageDisplayed(CreateCustomerPage.java:77)\r\n\tat example.LeadManagement_AddNewLead.VerrifyCannotAddCustomerWhenEnteringInvalidValueForEmailField.testLM_01_06(VerrifyCannotAddCustomerWhenEnteringInvalidValueForEmailField.java:101)\r\n\tat java.base/jdk.internal.reflect.NativeMethodAccessorImpl.invoke0(Native Method)\r\n\tat java.base/jdk.internal.reflect.NativeMethodAccessorImpl.invoke(NativeMethodAccessorImpl.java:62)\r\n\tat java.base/jdk.internal.reflect.DelegatingMethodAccessorImpl.invoke(DelegatingMethodAccessorImpl.java:43)\r\n\tat java.base/java.lang.reflect.Method.invoke(Method.java:566)\r\n\tat org.testng.internal.invokers.MethodInvocationHelper.invokeMethod(MethodInvocationHelper.java:141)\r\n\tat org.testng.internal.invokers.TestInvoker.invokeMethod(TestInvoker.java:686)\r\n\tat org.testng.internal.invokers.TestInvoker.invokeTestMethod(TestInvoker.java:230)\r\n\tat org.testng.internal.invokers.MethodRunner.runInSequence(MethodRunner.java:63)\r\n\tat org.testng.internal.invokers.TestInvoker$MethodInvocationAgent.invoke(TestInvoker.java:992)\r\n\tat org.testng.internal.invokers.TestInvoker.invokeTestMethods(TestInvoker.java:203)\r\n\tat org.testng.internal.invokers.TestMethodWorker.invokeTestMethods(TestMethodWorker.java:154)\r\n\tat org.testng.internal.invokers.TestMethodWorker.run(TestMethodWorker.java:134)\r\n\tat java.base/java.util.ArrayList.forEach(ArrayList.java:1541)\r\n\tat org.testng.TestRunner.privateRun(TestRunner.java:739)\r\n\tat org.testng.TestRunner.run(TestRunner.java:614)\r\n\tat org.testng.SuiteRunner.runTest(SuiteRunner.java:421)\r\n\tat org.testng.SuiteRunner.runSequentially(SuiteRunner.java:413)\r\n\tat org.testng.SuiteRunner.privateRun(SuiteRunner.java:373)\r\n\tat org.testng.SuiteRunner.run(SuiteRunner.java:312)\r\n\tat org.testng.SuiteRunnerWorker.runSuite(SuiteRunnerWorker.java:52)\r\n\tat org.testng.SuiteRunnerWorker.run(SuiteRunnerWorker.java:95)\r\n\tat org.testng.TestNG.runSuitesSequentially(TestNG.java:1274)\r\n\tat org.testng.TestNG.runSuitesLocally(TestNG.java:1208)\r\n\tat org.testng.TestNG.runSuites(TestNG.java:1112)\r\n\tat org.testng.TestNG.run(TestNG.java:1079)\r\n\tat com.intellij.rt.testng.IDEARemoteTestNG.run(IDEARemoteTestNG.java:65)\r\n\tat com.intellij.rt.testng.RemoteTestNGStarter.main(RemoteTestNGStarter.java:105)\r\nCaused by: org.openqa.selenium.NoSuchElementException: no such element: Unable to locate element: {\"method\":\"xpath\",\"selector\":\"//h5[text()='Add Customer']\"}\n  (Session info: chrome=127.0.6533.99)\nFor documentation on this error, please visit: https://www.selenium.dev/documentation/webdriver/troubleshooting/errors#no-such-element-exception\nBuild info: version: '4.23.0', revision: '4df0a231af'\nSystem info: os.name: 'Windows 10', os.arch: 'amd64', os.version: '10.0', java.version: '11.0.23'\nDriver info: org.openqa.selenium.chrome.ChromeDriver\nCommand: [ab98f620f2e162e0baa5a68e3a9ac136, findElement {value=//h5[text()='Add Customer'], using=xpath}]\nCapabilities {acceptInsecureCerts: false, browserName: chrome, browserVersion: 127.0.6533.99, chrome: {chromedriverVersion: 127.0.6533.99 (f31af5097d90..., userDataDir: C:\\Users\\ASUS\\AppData\\Local...}, fedcm:accounts: true, goog:chromeOptions: {debuggerAddress: localhost:57148}, networkConnectionEnabled: false, pageLoadStrategy: normal, platformName: windows, proxy: Proxy(), se:cdp: ws://localhost:57148/devtoo..., se:cdpVersion: 127.0.6533.99, setWindowRect: true, strictFileInteractability: false, timeouts: {implicit: 0, pageLoad: 300000, script: 30000}, unhandledPromptBehavior: dismiss and notify, webauthn:extension:credBlob: true, webauthn:extension:largeBlob: true, webauthn:extension:minPinLength: true, webauthn:extension:prf: true, webauthn:virtualAuthenticators: true}\nSession ID: ab98f620f2e162e0baa5a68e3a9ac136\r\n\tat java.base/jdk.internal.reflect.NativeConstructorAccessorImpl.newInstance0(Native Method)\r\n\tat java.base/jdk.internal.reflect.NativeConstructorAccessorImpl.newInstance(NativeConstructorAccessorImpl.java:62)\r\n\tat java.base/jdk.internal.reflect.DelegatingConstructorAccessorImpl.newInstance(DelegatingConstructorAccessorImpl.java:45)\r\n\tat java.base/java.lang.reflect.Constructor.newInstance(Constructor.java:490)\r\n\tat org.openqa.selenium.remote.ErrorCodec.decode(ErrorCodec.java:167)\r\n\tat org.openqa.selenium.remote.codec.w3c.W3CHttpResponseCodec.decode(W3CHttpResponseCodec.java:138)\r\n\tat org.openqa.selenium.remote.codec.w3c.W3CHttpResponseCodec.decode(W3CHttpResponseCodec.java:50)\r\n\tat org.openqa.selenium.remote.HttpCommandExecutor.execute(HttpCommandExecutor.java:190)\r\n\tat org.openqa.selenium.remote.service.DriverCommandExecutor.invokeExecute(DriverCommandExecutor.java:216)\r\n\tat org.openqa.selenium.remote.service.DriverCommandExecutor.execute(DriverCommandExecutor.java:174)\r\n\tat org.openqa.selenium.remote.RemoteWebDriver.execute(RemoteWebDriver.java:527)\r\n\tat org.openqa.selenium.remote.ElementLocation$ElementFinder$2.findElement(ElementLocation.java:165)\r\n\tat org.openqa.selenium.remote.ElementLocation.findElement(ElementLocation.java:59)\r\n\tat org.openqa.selenium.remote.RemoteWebDriver.findElement(RemoteWebDriver.java:357)\r\n\tat org.openqa.selenium.remote.RemoteWebDriver.findElement(RemoteWebDriver.java:351)\r\n\tat page.CreateCustomerPage.lambda$isCreateCustomerPageDisplayed$2(CreateCustomerPage.java:77)\r\n\tat org.openqa.selenium.support.ui.FluentWait.until(FluentWait.java:203)\r\n\t... 29 more\r\n"},"stage":"finished","steps":[{"name":"Open CRM website","status":"passed","stage":"finished","steps":[],"attachments":[],"parameters":[],"start":1723036184092,"stop":1723036184092},{"name":"Login success","status":"passed","stage":"finished","steps":[],"attachments":[],"parameters":[],"start":1723036188234,"stop":1723036188234},{"name":"Click [New customer] button","status":"passed","stage":"finished","steps":[],"attachments":[],"parameters":[],"start":1723036190053,"stop":1723036190053},{"name":"Click [New Customer] button","status":"passed","stage":"finished","steps":[],"attachments":[],"parameters":[],"start":1723036190099,"stop":1723036190449},{"name":"Input 'username' for [Email] field","status":"passed","stage":"finished","steps":[],"attachments":[],"parameters":[],"start":1723036190546,"stop":1723036190546},{"name":"Input Email","status":"passed","stage":"finished","steps":[],"attachments":[],"parameters":[{"name":"email","value":"username"}],"start":1723036190546,"stop":1723036190863},{"name":"Input valid data for [Name], [Phone], [Address] field","status":"passed","stage":"finished","steps":[],"attachments":[],"parameters":[],"start":1723036190864,"stop":1723036190864},{"name":"Input Name","status":"passed","stage":"finished","steps":[],"attachments":[],"parameters":[{"name":"name","value":"Saul Pagac"}],"start":1723036190864,"stop":1723036191161},{"name":"Input Phone","status":"passed","stage":"finished","steps":[],"attachments":[],"parameters":[{"name":"phone","value":"1046011318"}],"start":1723036191161,"stop":1723036191477},{"name":"Input Address","status":"passed","stage":"finished","steps":[],"attachments":[],"parameters":[{"name":"address","value":"963 King Bypass, West Gregorio, ID 27609-7055"}],"start":1723036191477,"stop":1723036191826},{"name":"Click [Create a customer] button","status":"passed","stage":"finished","steps":[],"attachments":[],"parameters":[],"start":1723036191826,"stop":1723036191826},{"name":"Click [Create a customer] button","status":"passed","stage":"finished","steps":[],"attachments":[],"parameters":[],"start":1723036191826,"stop":1723036192214},{"name":"Input 'username.domain' for [Email] field","status":"passed","stage":"finished","steps":[],"attachments":[],"parameters":[],"start":1723036192360,"stop":1723036192360},{"name":"Input Email","status":"passed","stage":"finished","steps":[],"attachments":[],"parameters":[{"name":"email","value":"username.domain"}],"start":1723036192360,"stop":1723036192633},{"name":"Click [Create a customer] button","status":"passed","stage":"finished","steps":[],"attachments":[],"parameters":[],"start":1723036192633,"stop":1723036192633},{"name":"Click [Create a customer] button","status":"passed","stage":"finished","steps":[],"attachments":[],"parameters":[],"start":1723036192633,"stop":1723036192965},{"name":"Input 'username@domain' for [Email] field","status":"passed","stage":"finished","steps":[],"attachments":[],"parameters":[],"start":1723036193148,"stop":1723036193148},{"name":"Input Email","status":"passed","stage":"finished","steps":[],"attachments":[],"parameters":[{"name":"email","value":"username@domain"}],"start":1723036193148,"stop":1723036193567},{"name":"Click [Create a customer] button","status":"passed","stage":"finished","steps":[],"attachments":[],"parameters":[],"start":1723036193567,"stop":1723036193567},{"name":"Click [Create a customer] button","status":"passed","stage":"finished","steps":[],"attachments":[],"parameters":[],"start":1723036193567,"stop":1723036194069}],"attachments":[],"parameters":[],"start":1723036184076,"stop":1723036204138}